<?xml version="1.0" encoding="UTF-8"?>
<testng-results skipped="0" failed="0" ignored="0" total="1" passed="1">
  <reporter-output>
  </reporter-output>
  <suite name="Default suite" duration-ms="70" started-at="2018-11-29T13:09:23Z" finished-at="2018-11-29T13:09:23Z">
    <groups>
    </groups>
    <test name="Default test" duration-ms="70" started-at="2018-11-29T13:09:23Z" finished-at="2018-11-29T13:09:23Z">
      <class name="Mayur2.MayurTNG">
        <test-method status="PASS" signature="beforeMethod()[pri:0, instance:Mayur2.MayurTNG@3532ec19]" name="beforeMethod" is-config="true" duration-ms="12" started-at="2018-11-29T13:09:23Z" finished-at="2018-11-29T13:09:23Z">
          <reporter-output>
          </reporter-output>
        </test-method> <!-- beforeMethod -->
        <test-method status="PASS" signature="PrintSomething()[pri:0, instance:Mayur2.MayurTNG@3532ec19]" name="PrintSomething" duration-ms="12" started-at="2018-11-29T13:09:23Z" finished-at="2018-11-29T13:09:23Z">
          <reporter-output>
          </reporter-output>
        </test-method> <!-- PrintSomething -->
      </class> <!-- Mayur2.MayurTNG -->
    </test> <!-- Default test -->
  </suite> <!-- Default suite -->
</testng-results>
